  main.cpp
C:\Users\USER\Documents\data-structure-lab\Step08_DFS_BFS\Step08_DFS_\Location2D.h(9,17): error C2760: 구문 오류: 여기서 'r'은(는) 예상치 못한 오류였습니다. 예상된 오류는 '식'였습니다
  (소스 파일 'main.cpp'을(를) 컴파일하는 중)
  
C:\Users\USER\Documents\data-structure-lab\Step08_DFS_BFS\Step08_DFS_\Location2D.h(9,17): error C2098: 데이터 멤버 'col' 뒤에 예기치 않은 토큰이 있습니다.
  (소스 파일 'main.cpp'을(를) 컴파일하는 중)
  
C:\Users\USER\Documents\data-structure-lab\Step08_DFS_BFS\Step08_DFS_\Location2D.h(9,17): error C2146: 구문 오류: ';'이(가) 'r' 식별자 앞에 없습니다.
  (소스 파일 'main.cpp'을(를) 컴파일하는 중)
  
C:\Users\USER\Documents\data-structure-lab\Step08_DFS_BFS\Step08_DFS_\Location2D.h(9,35): error C2059: 구문 오류: '{'
  (소스 파일 'main.cpp'을(를) 컴파일하는 중)
  
C:\Users\USER\Documents\data-structure-lab\Step08_DFS_BFS\Step08_DFS_\Location2D.h(9,35): error C2334: '{' 앞에 예기치 않은 토큰이 있습니다. 명백한 함수 본문을 건너뜁니다.
  (소스 파일 'main.cpp'을(를) 컴파일하는 중)
  
C:\Users\USER\Documents\data-structure-lab\Step08_DFS_BFS\Step08_DFS_\Location2D.h(16,8): error C2065: 'col': 선언되지 않은 식별자입니다.
  (소스 파일 'main.cpp'을(를) 컴파일하는 중)
  
C:\Users\USER\Documents\data-structure-lab\Step08_DFS_BFS\Step08_DFS_\Location2D.h(16,17): error C2039: 'col': 'Location2D'의 멤버가 아닙니다.
  (소스 파일 'main.cpp'을(를) 컴파일하는 중)
  C:\Users\USER\Documents\data-structure-lab\Step08_DFS_BFS\Step08_DFS_\Location2D.h(3,8):
  'Location2D' 선언을 참조하십시오.
  
C:\Users\USER\Documents\data-structure-lab\Step08_DFS_BFS\Step08_DFS_\Location2D.h(21,26): error C2065: 'col': 선언되지 않은 식별자입니다.
  (소스 파일 'main.cpp'을(를) 컴파일하는 중)
  
C:\Users\USER\Documents\data-structure-lab\Step08_DFS_BFS\Step08_DFS_\Location2D.h(21,35): error C2039: 'col': 'Location2D'의 멤버가 아닙니다.
  (소스 파일 'main.cpp'을(를) 컴파일하는 중)
  C:\Users\USER\Documents\data-structure-lab\Step08_DFS_BFS\Step08_DFS_\Location2D.h(3,8):
  'Location2D' 선언을 참조하십시오.
  
C:\Users\USER\Documents\data-structure-lab\Step08_DFS_BFS\Step08_DFS_\main.cpp(25,13): warning C4326: 'main'의 반환 형식이 'int'이어야 하는데 'void'입니다.
C:\Users\USER\Documents\data-structure-lab\Step08_DFS_BFS\Step08_DFS_\main.cpp(26,2): error C2065: 'stack': 선언되지 않은 식별자입니다.
C:\Users\USER\Documents\data-structure-lab\Step08_DFS_BFS\Step08_DFS_\main.cpp(26,8): error C2275: 'Location2D': 형식 대신 식이 필요합니다.
C:\Users\USER\Documents\data-structure-lab\Step08_DFS_BFS\Step08_DFS_\main.cpp(26,20): error C2065: 'locStack': 선언되지 않은 식별자입니다.
C:\Users\USER\Documents\data-structure-lab\Step08_DFS_BFS\Step08_DFS_\main.cpp(27,18): error C2440: '초기화 중': 'initializer list'에서 'Location2D'(으)로 변환할 수 없습니다.
  C:\Users\USER\Documents\data-structure-lab\Step08_DFS_BFS\Step08_DFS_\main.cpp(27,18):
  'Location2D::Location2D': 함수는 2개의 인수를 사용하지 않습니다.
  	C:\Users\USER\Documents\data-structure-lab\Step08_DFS_BFS\Step08_DFS_\main.cpp(27,18):
  	인수 목록 '(int, int)'을(를) 일치시키는 동안
  
C:\Users\USER\Documents\data-structure-lab\Step08_DFS_BFS\Step08_DFS_\main.cpp(28,2): error C2065: 'locStack': 선언되지 않은 식별자입니다.
C:\Users\USER\Documents\data-structure-lab\Step08_DFS_BFS\Step08_DFS_\main.cpp(31,9): error C2065: 'locStack': 선언되지 않은 식별자입니다.
C:\Users\USER\Documents\data-structure-lab\Step08_DFS_BFS\Step08_DFS_\main.cpp(32,21): error C2065: 'locStack': 선언되지 않은 식별자입니다.
C:\Users\USER\Documents\data-structure-lab\Step08_DFS_BFS\Step08_DFS_\main.cpp(33,3): error C2065: 'locStack': 선언되지 않은 식별자입니다.
C:\Users\USER\Documents\data-structure-lab\Step08_DFS_BFS\Step08_DFS_\main.cpp(35,30): error C2039: 'col': 'Location2D'의 멤버가 아닙니다.
  C:\Users\USER\Documents\data-structure-lab\Step08_DFS_BFS\Step08_DFS_\Location2D.h(3,8):
  'Location2D' 선언을 참조하십시오.
  
C:\Users\USER\Documents\data-structure-lab\Step08_DFS_BFS\Step08_DFS_\main.cpp(39,2): error C2181: if와 짝을 이루지 않는 잘못된 else문입니다.
C:\Users\USER\Documents\data-structure-lab\Step08_DFS_BFS\Step08_DFS_\main.cpp(40,7): error C2065: 'r': 선언되지 않은 식별자입니다.
C:\Users\USER\Documents\data-structure-lab\Step08_DFS_BFS\Step08_DFS_\main.cpp(40,10): error C2065: 'c': 선언되지 않은 식별자입니다.
C:\Users\USER\Documents\data-structure-lab\Step08_DFS_BFS\Step08_DFS_\main.cpp(41,18): error C2065: 'r': 선언되지 않은 식별자입니다.
C:\Users\USER\Documents\data-structure-lab\Step08_DFS_BFS\Step08_DFS_\main.cpp(41,22): error C2065: 'c': 선언되지 않은 식별자입니다.
C:\Users\USER\Documents\data-structure-lab\Step08_DFS_BFS\Step08_DFS_\main.cpp(41,24): error C2146: 구문 오류: ';'이(가) 'locStack' 식별자 앞에 없습니다.
C:\Users\USER\Documents\data-structure-lab\Step08_DFS_BFS\Step08_DFS_\main.cpp(41,6): error C2429: 언어 기능 'if/switch의 init-statements'에 컴파일러 플래그 '/std:c++17'이(가) 필요합니다.
C:\Users\USER\Documents\data-structure-lab\Step08_DFS_BFS\Step08_DFS_\main.cpp(41,32): error C2059: 구문 오류: '.'
C:\Users\USER\Documents\data-structure-lab\Step08_DFS_BFS\Step08_DFS_\main.cpp(42,18): error C2065: 'r': 선언되지 않은 식별자입니다.
C:\Users\USER\Documents\data-structure-lab\Step08_DFS_BFS\Step08_DFS_\main.cpp(42,23): error C2065: 'c': 선언되지 않은 식별자입니다.
C:\Users\USER\Documents\data-structure-lab\Step08_DFS_BFS\Step08_DFS_\main.cpp(42,25): error C2146: 구문 오류: ';'이(가) 'locStack' 식별자 앞에 없습니다.
C:\Users\USER\Documents\data-structure-lab\Step08_DFS_BFS\Step08_DFS_\main.cpp(42,6): error C2429: 언어 기능 'if/switch의 init-statements'에 컴파일러 플래그 '/std:c++17'이(가) 필요합니다.
C:\Users\USER\Documents\data-structure-lab\Step08_DFS_BFS\Step08_DFS_\main.cpp(42,33): error C2059: 구문 오류: '.'
C:\Users\USER\Documents\data-structure-lab\Step08_DFS_BFS\Step08_DFS_\main.cpp(43,18): error C2065: 'r': 선언되지 않은 식별자입니다.
C:\Users\USER\Documents\data-structure-lab\Step08_DFS_BFS\Step08_DFS_\main.cpp(43,21): error C2065: 'c': 선언되지 않은 식별자입니다.
C:\Users\USER\Documents\data-structure-lab\Step08_DFS_BFS\Step08_DFS_\main.cpp(43,25): error C2146: 구문 오류: ';'이(가) 'locStack' 식별자 앞에 없습니다.
C:\Users\USER\Documents\data-structure-lab\Step08_DFS_BFS\Step08_DFS_\main.cpp(43,6): error C2429: 언어 기능 'if/switch의 init-statements'에 컴파일러 플래그 '/std:c++17'이(가) 필요합니다.
C:\Users\USER\Documents\data-structure-lab\Step08_DFS_BFS\Step08_DFS_\main.cpp(43,33): error C2059: 구문 오류: '.'
C:\Users\USER\Documents\data-structure-lab\Step08_DFS_BFS\Step08_DFS_\main.cpp(44,18): error C2065: 'r': 선언되지 않은 식별자입니다.
C:\Users\USER\Documents\data-structure-lab\Step08_DFS_BFS\Step08_DFS_\main.cpp(44,21): error C2065: 'c': 선언되지 않은 식별자입니다.
C:\Users\USER\Documents\data-structure-lab\Step08_DFS_BFS\Step08_DFS_\main.cpp(44,25): error C2146: 구문 오류: ';'이(가) 'locStack' 식별자 앞에 없습니다.
C:\Users\USER\Documents\data-structure-lab\Step08_DFS_BFS\Step08_DFS_\main.cpp(44,6): error C2429: 언어 기능 'if/switch의 init-statements'에 컴파일러 플래그 '/std:c++17'이(가) 필요합니다.
C:\Users\USER\Documents\data-structure-lab\Step08_DFS_BFS\Step08_DFS_\main.cpp(44,33): error C2059: 구문 오류: '.'
C:\Users\USER\Documents\data-structure-lab\Step08_DFS_BFS\Step08_DFS_\main.cpp(47,8): error C4430: 형식 지정자가 없습니다. int로 가정합니다. 참고: C++에서는 기본 int를 지원하지 않습니다.
C:\Users\USER\Documents\data-structure-lab\Step08_DFS_BFS\Step08_DFS_\main.cpp(47,1): error C2365: 'printf': 재정의: 이전 정의는 '함수'입니다.
  C:\Program Files (x86)\Windows Kits\10\Include\10.0.22621.0\ucrt\stdio.h(950,37):
  'printf' 선언을 참조하십시오.
  
