  소스.cpp
C:\Users\USER\Documents\data-structure-lab\Project3\Project3\소스.cpp(1,18): error C4430: 형식 지정자가 없습니다. int로 가정합니다. 참고: C++에서는 기본 int를 지원하지 않습니다.
C:\Users\USER\Documents\data-structure-lab\Project3\Project3\소스.cpp(1,6): error C2146: 구문 오류: ';'이(가) 'collections' 식별자 앞에 없습니다.
C:\Users\USER\Documents\data-structure-lab\Project3\Project3\소스.cpp(4,15): error C4430: 형식 지정자가 없습니다. int로 가정합니다. 참고: C++에서는 기본 int를 지원하지 않습니다.
C:\Users\USER\Documents\data-structure-lab\Project3\Project3\소스.cpp(4,15): error C3861: 'set': 식별자를 찾을 수 없습니다.
C:\Users\USER\Documents\data-structure-lab\Project3\Project3\소스.cpp(5,5): error C2146: 구문 오류: ';'이(가) 'queue' 식별자 앞에 없습니다.
C:\Users\USER\Documents\data-structure-lab\Project3\Project3\소스.cpp(9,16): error C4430: 형식 지정자가 없습니다. int로 가정합니다. 참고: C++에서는 기본 int를 지원하지 않습니다.
C:\Users\USER\Documents\data-structure-lab\Project3\Project3\소스.cpp(9,16): error C2065: 'queue': 선언되지 않은 식별자입니다.
C:\Users\USER\Documents\data-structure-lab\Project3\Project3\소스.cpp(10,9): error C2059: 구문 오류: 'if'
C:\Users\USER\Documents\data-structure-lab\Project3\Project3\소스.cpp(11,1): error C3927: '->': 후행 반환 형식은 비함수 선언자 뒤에 올 수 없습니다.
C:\Users\USER\Documents\data-structure-lab\Project3\Project3\소스.cpp(11,7): error C3484: 구문 오류: 반환 형식 앞에 '->'가 필요합니다.
C:\Users\USER\Documents\data-structure-lab\Project3\Project3\소스.cpp(11,8): error C3613: '->' 후 반환 형식이 없습니다('int'로 간주됨).
C:\Users\USER\Documents\data-structure-lab\Project3\Project3\소스.cpp(11,14): error C4430: 형식 지정자가 없습니다. int로 가정합니다. 참고: C++에서는 기본 int를 지원하지 않습니다.
C:\Users\USER\Documents\data-structure-lab\Project3\Project3\소스.cpp(11,8): error C2146: 구문 오류: ';'이(가) 'append' 식별자 앞에 없습니다.
C:\Users\USER\Documents\data-structure-lab\Project3\Project3\소스.cpp(15,1): error C2059: 구문 오류: 'if'
C:\Users\USER\Documents\data-structure-lab\Project3\Project3\소스.cpp(16,1): error C3927: '->': 후행 반환 형식은 비함수 선언자 뒤에 올 수 없습니다.
C:\Users\USER\Documents\data-structure-lab\Project3\Project3\소스.cpp(16,6): error C3484: 구문 오류: 반환 형식 앞에 '->'가 필요합니다.
C:\Users\USER\Documents\data-structure-lab\Project3\Project3\소스.cpp(16,7): error C3613: '->' 후 반환 형식이 없습니다('int'로 간주됨).
C:\Users\USER\Documents\data-structure-lab\Project3\Project3\소스.cpp(16,13): error C4430: 형식 지정자가 없습니다. int로 가정합니다. 참고: C++에서는 기본 int를 지원하지 않습니다.
C:\Users\USER\Documents\data-structure-lab\Project3\Project3\소스.cpp(16,7): error C2146: 구문 오류: ';'이(가) 'append' 식별자 앞에 없습니다.
C:\Users\USER\Documents\data-structure-lab\Project3\Project3\소스.cpp(21,15): error C4430: 형식 지정자가 없습니다. int로 가정합니다. 참고: C++에서는 기본 int를 지원하지 않습니다.
C:\Users\USER\Documents\data-structure-lab\Project3\Project3\소스.cpp(21,5): error C2374: 'visited': 재정의. 여러 번 초기화했습니다.
  C:\Users\USER\Documents\data-structure-lab\Project3\Project3\소스.cpp(4,5):
  'visited' 선언을 참조하십시오.
  
C:\Users\USER\Documents\data-structure-lab\Project3\Project3\소스.cpp(21,15): error C3861: 'set': 식별자를 찾을 수 없습니다.
C:\Users\USER\Documents\data-structure-lab\Project3\Project3\소스.cpp(22,5): error C2146: 구문 오류: ';'이(가) 'stack' 식별자 앞에 없습니다.
C:\Users\USER\Documents\data-structure-lab\Project3\Project3\소스.cpp(26,16): error C4430: 형식 지정자가 없습니다. int로 가정합니다. 참고: C++에서는 기본 int를 지원하지 않습니다.
C:\Users\USER\Documents\data-structure-lab\Project3\Project3\소스.cpp(26,9): error C2374: 'node': 재정의. 여러 번 초기화했습니다.
  C:\Users\USER\Documents\data-structure-lab\Project3\Project3\소스.cpp(9,9):
  'node' 선언을 참조하십시오.
  
C:\Users\USER\Documents\data-structure-lab\Project3\Project3\소스.cpp(26,16): error C2065: 'stack': 선언되지 않은 식별자입니다.
C:\Users\USER\Documents\data-structure-lab\Project3\Project3\소스.cpp(27,9): error C2059: 구문 오류: 'if'
C:\Users\USER\Documents\data-structure-lab\Project3\Project3\소스.cpp(28,1): error C3927: '->': 후행 반환 형식은 비함수 선언자 뒤에 올 수 없습니다.
C:\Users\USER\Documents\data-structure-lab\Project3\Project3\소스.cpp(28,7): error C3484: 구문 오류: 반환 형식 앞에 '->'가 필요합니다.
C:\Users\USER\Documents\data-structure-lab\Project3\Project3\소스.cpp(28,8): error C3613: '->' 후 반환 형식이 없습니다('int'로 간주됨).
C:\Users\USER\Documents\data-structure-lab\Project3\Project3\소스.cpp(28,14): error C4430: 형식 지정자가 없습니다. int로 가정합니다. 참고: C++에서는 기본 int를 지원하지 않습니다.
C:\Users\USER\Documents\data-structure-lab\Project3\Project3\소스.cpp(28,1): error C2086: 'int answer': 재정의
  C:\Users\USER\Documents\data-structure-lab\Project3\Project3\소스.cpp(11,1):
  'answer' 선언을 참조하십시오.
  
C:\Users\USER\Documents\data-structure-lab\Project3\Project3\소스.cpp(28,8): error C2146: 구문 오류: ';'이(가) 'append' 식별자 앞에 없습니다.
C:\Users\USER\Documents\data-structure-lab\Project3\Project3\소스.cpp(32,1): error C2059: 구문 오류: 'if'
C:\Users\USER\Documents\data-structure-lab\Project3\Project3\소스.cpp(33,1): error C3927: '->': 후행 반환 형식은 비함수 선언자 뒤에 올 수 없습니다.
C:\Users\USER\Documents\data-structure-lab\Project3\Project3\소스.cpp(33,6): error C3484: 구문 오류: 반환 형식 앞에 '->'가 필요합니다.
C:\Users\USER\Documents\data-structure-lab\Project3\Project3\소스.cpp(33,7): error C3613: '->' 후 반환 형식이 없습니다('int'로 간주됨).
C:\Users\USER\Documents\data-structure-lab\Project3\Project3\소스.cpp(33,13): error C4430: 형식 지정자가 없습니다. int로 가정합니다. 참고: C++에서는 기본 int를 지원하지 않습니다.
C:\Users\USER\Documents\data-structure-lab\Project3\Project3\소스.cpp(33,7): error C2146: 구문 오류: ';'이(가) 'append' 식별자 앞에 없습니다.
C:\Users\USER\Documents\data-structure-lab\Project3\Project3\소스.cpp(37,1): error C1021: '주어진' 전처리기 명령이 잘못되었습니다.
